<?xml version="1.0" encoding="UTF-8"?>
<testng-results ignored="0" total="1" passed="1" failed="0" skipped="0">
  <reporter-output>
  </reporter-output>
  <suite started-at="2026-03-05T17:01:43 IST" name="Default suite" finished-at="2026-03-05T17:02:04 IST" duration-ms="21079">
    <groups>
    </groups>
    <test started-at="2026-03-05T17:01:43 IST" name="Default test" finished-at="2026-03-05T17:02:04 IST" duration-ms="21079">
      <class name="jar.BasicTest">
        <test-method signature="openLoginPage()[pri:0, instance:jar.BasicTest@1189dd52]" started-at="2026-03-05T17:01:43 IST" name="openLoginPage" finished-at="2026-03-05T17:02:04 IST" duration-ms="21007" status="PASS">
          <reporter-output>
          </reporter-output>
        </test-method> <!-- openLoginPage -->
      </class> <!-- jar.BasicTest -->
    </test> <!-- Default test -->
  </suite> <!-- Default suite -->
</testng-results>
